Build started 19/10/2015 14:10:21.
     1>Project "C:\Users\Ciaran\Documents\TCD Documents\SS\Graphics\Assignments&Labs\Lab3\Project\Project.vcxproj" on node 2 (Rebuild target(s)).
     1>C:\Program Files (x86)\MSBuild\Microsoft.Cpp\v4.0\V140\Microsoft.CppBuild.targets(392,5): warning MSB8028: The intermediate directory (Debug\) contains files shared from another project (Lab2.vcxproj).  This can lead to incorrect clean and rebuild behavior.
     1>ClCompile:
         C:\Program Files (x86)\Microsoft Visual Studio 14.0\VC\bin\CL.exe /c /I"C:\Users\Ciaran\Documents\TCD Documents\SS\Graphics\Assignments&Labs\Lab3\glew-1.13.0\include" /I"C:\Users\Ciaran\Documents\TCD Documents\SS\Graphics\Assignments&Labs\Lab1\freeglut\include" /ZI /nologo /W3 /WX- /sdl /Od /Oy- /D _MBCS /Gm /EHsc /RTC1 /MDd /GS /fp:precise /Zc:wchar_t /Zc:forScope /Zc:inline /Fo"Debug\\" /Fd"Debug\vc140.pdb" /Gd /TP /analyze- /errorReport:prompt ..\main.cpp ..\maths_funcs.cpp
         maths_funcs.cpp
     1>c:\users\ciaran\documents\tcd documents\ss\graphics\assignments&labs\lab3\maths_funcs.cpp(132): warning C4244: 'return': conversion from 'double' to 'float', possible loss of data
     1>c:\users\ciaran\documents\tcd documents\ss\graphics\assignments&labs\lab3\maths_funcs.cpp(250): warning C4244: 'return': conversion from 'double' to 'float', possible loss of data
     1>c:\users\ciaran\documents\tcd documents\ss\graphics\assignments&labs\lab3\maths_funcs.cpp(254): warning C4244: 'initializing': conversion from 'double' to 'float', possible loss of data
     1>c:\users\ciaran\documents\tcd documents\ss\graphics\assignments&labs\lab3\maths_funcs.cpp(255): warning C4244: 'argument': conversion from 'double' to 'float', possible loss of data
     1>c:\users\ciaran\documents\tcd documents\ss\graphics\assignments&labs\lab3\maths_funcs.cpp(430): warning C4244: 'initializing': conversion from 'double' to 'float', possible loss of data
     1>c:\users\ciaran\documents\tcd documents\ss\graphics\assignments&labs\lab3\maths_funcs.cpp(432): warning C4244: '=': conversion from 'double' to 'float', possible loss of data
     1>c:\users\ciaran\documents\tcd documents\ss\graphics\assignments&labs\lab3\maths_funcs.cpp(433): warning C4244: '=': conversion from 'double' to 'float', possible loss of data
     1>c:\users\ciaran\documents\tcd documents\ss\graphics\assignments&labs\lab3\maths_funcs.cpp(434): warning C4244: '=': conversion from 'double' to 'float', possible loss of data
     1>c:\users\ciaran\documents\tcd documents\ss\graphics\assignments&labs\lab3\maths_funcs.cpp(435): warning C4244: '=': conversion from 'double' to 'float', possible loss of data
     1>c:\users\ciaran\documents\tcd documents\ss\graphics\assignments&labs\lab3\maths_funcs.cpp(442): warning C4244: 'initializing': conversion from 'double' to 'float', possible loss of data
     1>c:\users\ciaran\documents\tcd documents\ss\graphics\assignments&labs\lab3\maths_funcs.cpp(444): warning C4244: '=': conversion from 'double' to 'float', possible loss of data
     1>c:\users\ciaran\documents\tcd documents\ss\graphics\assignments&labs\lab3\maths_funcs.cpp(445): warning C4244: '=': conversion from 'double' to 'float', possible loss of data
     1>c:\users\ciaran\documents\tcd documents\ss\graphics\assignments&labs\lab3\maths_funcs.cpp(446): warning C4244: '=': conversion from 'double' to 'float', possible loss of data
     1>c:\users\ciaran\documents\tcd documents\ss\graphics\assignments&labs\lab3\maths_funcs.cpp(447): warning C4244: '=': conversion from 'double' to 'float', possible loss of data
     1>c:\users\ciaran\documents\tcd documents\ss\graphics\assignments&labs\lab3\maths_funcs.cpp(454): warning C4244: 'initializing': conversion from 'double' to 'float', possible loss of data
     1>c:\users\ciaran\documents\tcd documents\ss\graphics\assignments&labs\lab3\maths_funcs.cpp(456): warning C4244: '=': conversion from 'double' to 'float', possible loss of data
     1>c:\users\ciaran\documents\tcd documents\ss\graphics\assignments&labs\lab3\maths_funcs.cpp(457): warning C4244: '=': conversion from 'double' to 'float', possible loss of data
     1>c:\users\ciaran\documents\tcd documents\ss\graphics\assignments&labs\lab3\maths_funcs.cpp(458): warning C4244: '=': conversion from 'double' to 'float', possible loss of data
     1>c:\users\ciaran\documents\tcd documents\ss\graphics\assignments&labs\lab3\maths_funcs.cpp(459): warning C4244: '=': conversion from 'double' to 'float', possible loss of data
     1>c:\users\ciaran\documents\tcd documents\ss\graphics\assignments&labs\lab3\maths_funcs.cpp(520): warning C4244: 'initializing': conversion from 'double' to 'float', possible loss of data
     1>c:\users\ciaran\documents\tcd documents\ss\graphics\assignments&labs\lab3\maths_funcs.cpp(521): warning C4244: 'initializing': conversion from 'double' to 'float', possible loss of data
     1>c:\users\ciaran\documents\tcd documents\ss\graphics\assignments&labs\lab3\maths_funcs.cpp(602): warning C4244: '=': conversion from 'double' to 'float', possible loss of data
     1>c:\users\ciaran\documents\tcd documents\ss\graphics\assignments&labs\lab3\maths_funcs.cpp(603): warning C4244: '=': conversion from 'double' to 'float', possible loss of data
     1>c:\users\ciaran\documents\tcd documents\ss\graphics\assignments&labs\lab3\maths_funcs.cpp(604): warning C4244: '=': conversion from 'double' to 'float', possible loss of data
     1>c:\users\ciaran\documents\tcd documents\ss\graphics\assignments&labs\lab3\maths_funcs.cpp(605): warning C4244: '=': conversion from 'double' to 'float', possible loss of data
     1>c:\users\ciaran\documents\tcd documents\ss\graphics\assignments&labs\lab3\maths_funcs.cpp(610): warning C4244: 'argument': conversion from 'double' to 'float', possible loss of data
     1>c:\users\ciaran\documents\tcd documents\ss\graphics\assignments&labs\lab3\maths_funcs.cpp(648): warning C4244: 'initializing': conversion from 'double' to 'float', possible loss of data
     1>c:\users\ciaran\documents\tcd documents\ss\graphics\assignments&labs\lab3\maths_funcs.cpp(674): warning C4244: 'initializing': conversion from 'double' to 'float', possible loss of data
     1>c:\users\ciaran\documents\tcd documents\ss\graphics\assignments&labs\lab3\maths_funcs.cpp(684): warning C4244: 'initializing': conversion from 'double' to 'float', possible loss of data
     1>c:\users\ciaran\documents\tcd documents\ss\graphics\assignments&labs\lab3\maths_funcs.cpp(685): warning C4244: 'initializing': conversion from 'double' to 'float', possible loss of data
     1>c:\users\ciaran\documents\tcd documents\ss\graphics\assignments&labs\lab3\maths_funcs.cpp(686): warning C4244: 'initializing': conversion from 'double' to 'float', possible loss of data
         main.cpp
     1>c:\users\ciaran\documents\tcd documents\ss\graphics\assignments&labs\lab3\teapot.h(2980): warning C4838: conversion from 'double' to 'float' requires a narrowing conversion
     1>c:\users\ciaran\documents\tcd documents\ss\graphics\assignments&labs\lab3\teapot.h(2980): warning C4305: 'initializing': truncation from 'double' to 'float'
     1>c:\users\ciaran\documents\tcd documents\ss\graphics\assignments&labs\lab3\teapot.h(5959): warning C4838: conversion from 'double' to 'float' requires a narrowing conversion
     1>c:\users\ciaran\documents\tcd documents\ss\graphics\assignments&labs\lab3\teapot.h(5959): warning C4305: 'initializing': truncation from 'double' to 'float'
     1>c:\users\ciaran\documents\tcd documents\ss\graphics\assignments&labs\lab3\teapot.h(8938): warning C4838: conversion from 'double' to 'float' requires a narrowing conversion
     1>c:\users\ciaran\documents\tcd documents\ss\graphics\assignments&labs\lab3\teapot.h(8938): warning C4305: 'initializing': truncation from 'double' to 'float'
     1>c:\users\ciaran\documents\tcd documents\ss\graphics\assignments&labs\lab3\main.cpp(28): warning C4244: 'initializing': conversion from 'double' to 'int', possible loss of data
     1>c:\users\ciaran\documents\tcd documents\ss\graphics\assignments&labs\lab3\main.cpp(29): warning C4244: 'initializing': conversion from 'double' to 'int', possible loss of data
     1>c:\users\ciaran\documents\tcd documents\ss\graphics\assignments&labs\lab3\main.cpp(141): warning C4244: 'argument': conversion from 'float' to 'GLsizeiptr', possible loss of data
     1>c:\users\ciaran\documents\tcd documents\ss\graphics\assignments&labs\lab3\main.cpp(145): warning C4244: 'argument': conversion from 'float' to 'GLsizeiptr', possible loss of data
     1>c:\users\ciaran\documents\tcd documents\ss\graphics\assignments&labs\lab3\main.cpp(184): warning C4305: 'argument': truncation from 'double' to 'float'
     1>c:\users\ciaran\documents\tcd documents\ss\graphics\assignments&labs\lab3\main.cpp(191): warning C4244: 'argument': conversion from 'float' to 'GLsizei', possible loss of data
     1>c:\users\ciaran\documents\tcd documents\ss\graphics\assignments&labs\lab3\main.cpp(196): warning C4305: 'argument': truncation from 'double' to 'float'
     1>c:\users\ciaran\documents\tcd documents\ss\graphics\assignments&labs\lab3\main.cpp(203): warning C4244: 'argument': conversion from 'float' to 'GLsizei', possible loss of data
     1>c:\users\ciaran\documents\tcd documents\ss\graphics\assignments&labs\lab3\main.cpp(208): warning C4305: 'argument': truncation from 'double' to 'float'
     1>c:\users\ciaran\documents\tcd documents\ss\graphics\assignments&labs\lab3\main.cpp(216): warning C4244: 'argument': conversion from 'float' to 'GLsizei', possible loss of data
     1>c:\users\ciaran\documents\tcd documents\ss\graphics\assignments&labs\lab3\main.cpp(240): warning C4305: 'argument': truncation from 'double' to 'float'
     1>c:\users\ciaran\documents\tcd documents\ss\graphics\assignments&labs\lab3\main.cpp(247): warning C4244: 'argument': conversion from 'float' to 'GLsizei', possible loss of data
     1>c:\users\ciaran\documents\tcd documents\ss\graphics\assignments&labs\lab3\main.cpp(258): warning C4244: '=': conversion from 'double' to 'float', possible loss of data
         Generating Code...
       Link:
         C:\Program Files (x86)\Microsoft Visual Studio 14.0\VC\bin\link.exe /ERRORREPORT:PROMPT /OUT:"C:\Users\Ciaran\Documents\TCD Documents\SS\Graphics\Assignments&Labs\Lab3\Debug\Project.exe" /INCREMENTAL /NOLOGO /LIBPATH:"C:\Users\Ciaran\Documents\TCD Documents\SS\Graphics\Assignments&Labs\Lab3\glew-1.13.0\lib\Release\Win32" /LIBPATH:"C:\Users\Ciaran\Documents\TCD Documents\SS\Graphics\Assignments&Labs\Lab1\freeglut\lib" freeglut.lib glew32.lib kernel32.lib user32.lib gdi32.lib winspool.lib comdlg32.lib advapi32.lib shell32.lib ole32.lib oleaut32.lib uuid.lib odbc32.lib odbccp32.lib /MANIFEST /MANIFESTUAC:"level='asInvoker' uiAccess='false'" /manifest:embed /Debug /PDB:"C:\Users\Ciaran\Documents\TCD Documents\SS\Graphics\Assignments&Labs\Lab3\Debug\Project.pdb" /TLBID:1 /DYNAMICBASE /NXCOMPAT /IMPLIB:"C:\Users\Ciaran\Documents\TCD Documents\SS\Graphics\Assignments&Labs\Lab3\Debug\Project.lib" /MACHINE:X86 Debug\main.obj
         Debug\maths_funcs.obj
         Project.vcxproj -> C:\Users\Ciaran\Documents\TCD Documents\SS\Graphics\Assignments&Labs\Lab3\Debug\Project.exe
     1>Done Building Project "C:\Users\Ciaran\Documents\TCD Documents\SS\Graphics\Assignments&Labs\Lab3\Project\Project.vcxproj" (Rebuild target(s)).

Build succeeded.

Time Elapsed 00:00:01.50
