Build started 26/10/2015 20:26:30.
     1>Project "C:\Users\Ciaran\Documents\TCD Documents\SS\Graphics\Assignments&Labs\Lab4\Project\Project.vcxproj" on node 2 (Build target(s)).
     1>C:\Program Files (x86)\MSBuild\Microsoft.Cpp\v4.0\V140\Microsoft.CppBuild.targets(392,5): warning MSB8028: The intermediate directory (Debug\) contains files shared from another project (Lab2.vcxproj).  This can lead to incorrect clean and rebuild behavior.
     1>ClCompile:
         C:\Program Files (x86)\Microsoft Visual Studio 14.0\VC\bin\CL.exe /c /I"C:\Users\Ciaran\Documents\TCD Documents\SS\Graphics\Assignments&Labs\Lab3\glew-1.13.0\include" /I"C:\Users\Ciaran\Documents\TCD Documents\SS\Graphics\Assignments&Labs\Lab1\freeglut\include" /ZI /nologo /W3 /WX- /sdl /Od /Oy- /D _CRT_SECURE_NO_WARNINGS /D _MBCS /Gm /EHsc /RTC1 /MDd /GS /fp:precise /Zc:wchar_t /Zc:forScope /Zc:inline /Fo"Debug\\" /Fd"Debug\vc140.pdb" /Gd /TP /analyze- /errorReport:prompt ..\main.cpp
         main.cpp
     1>c:\users\ciaran\documents\tcd documents\ss\graphics\assignments&labs\lab4\teapot.h(2980): warning C4838: conversion from 'double' to 'float' requires a narrowing conversion
     1>c:\users\ciaran\documents\tcd documents\ss\graphics\assignments&labs\lab4\teapot.h(2980): warning C4305: 'initializing': truncation from 'double' to 'float'
     1>c:\users\ciaran\documents\tcd documents\ss\graphics\assignments&labs\lab4\teapot.h(5959): warning C4838: conversion from 'double' to 'float' requires a narrowing conversion
     1>c:\users\ciaran\documents\tcd documents\ss\graphics\assignments&labs\lab4\teapot.h(5959): warning C4305: 'initializing': truncation from 'double' to 'float'
     1>c:\users\ciaran\documents\tcd documents\ss\graphics\assignments&labs\lab4\teapot.h(8938): warning C4838: conversion from 'double' to 'float' requires a narrowing conversion
     1>c:\users\ciaran\documents\tcd documents\ss\graphics\assignments&labs\lab4\teapot.h(8938): warning C4305: 'initializing': truncation from 'double' to 'float'
     1>c:\users\ciaran\documents\tcd documents\ss\graphics\assignments&labs\lab4\main.cpp(137): warning C4244: 'argument': conversion from 'float' to 'GLsizeiptr', possible loss of data
     1>c:\users\ciaran\documents\tcd documents\ss\graphics\assignments&labs\lab4\main.cpp(141): warning C4244: 'argument': conversion from 'float' to 'GLsizeiptr', possible loss of data
     1>c:\users\ciaran\documents\tcd documents\ss\graphics\assignments&labs\lab4\main.cpp(178): warning C4305: 'argument': truncation from 'double' to 'float'
     1>c:\users\ciaran\documents\tcd documents\ss\graphics\assignments&labs\lab4\main.cpp(189): warning C4244: 'argument': conversion from 'float' to 'GLsizei', possible loss of data
     1>c:\users\ciaran\documents\tcd documents\ss\graphics\assignments&labs\lab4\main.cpp(201): warning C4244: 'argument': conversion from 'float' to 'GLsizei', possible loss of data
     1>c:\users\ciaran\documents\tcd documents\ss\graphics\assignments&labs\lab4\main.cpp(208): warning C4244: 'argument': conversion from 'float' to 'GLsizei', possible loss of data
     1>c:\users\ciaran\documents\tcd documents\ss\graphics\assignments&labs\lab4\main.cpp(217): warning C4244: 'argument': conversion from 'float' to 'GLsizei', possible loss of data
     1>c:\users\ciaran\documents\tcd documents\ss\graphics\assignments&labs\lab4\main.cpp(223): warning C4244: 'argument': conversion from 'float' to 'GLsizei', possible loss of data
     1>c:\users\ciaran\documents\tcd documents\ss\graphics\assignments&labs\lab4\main.cpp(229): warning C4244: 'argument': conversion from 'float' to 'GLsizei', possible loss of data
     1>c:\users\ciaran\documents\tcd documents\ss\graphics\assignments&labs\lab4\main.cpp(235): warning C4244: 'argument': conversion from 'float' to 'GLsizei', possible loss of data
     1>c:\users\ciaran\documents\tcd documents\ss\graphics\assignments&labs\lab4\main.cpp(241): warning C4244: 'argument': conversion from 'float' to 'GLsizei', possible loss of data
     1>c:\users\ciaran\documents\tcd documents\ss\graphics\assignments&labs\lab4\main.cpp(247): warning C4244: 'argument': conversion from 'float' to 'GLsizei', possible loss of data
     1>c:\users\ciaran\documents\tcd documents\ss\graphics\assignments&labs\lab4\main.cpp(253): warning C4244: 'argument': conversion from 'float' to 'GLsizei', possible loss of data
     1>c:\users\ciaran\documents\tcd documents\ss\graphics\assignments&labs\lab4\main.cpp(259): warning C4244: 'argument': conversion from 'float' to 'GLsizei', possible loss of data
     1>c:\users\ciaran\documents\tcd documents\ss\graphics\assignments&labs\lab4\main.cpp(265): warning C4244: 'argument': conversion from 'float' to 'GLsizei', possible loss of data
       Link:
         C:\Program Files (x86)\Microsoft Visual Studio 14.0\VC\bin\link.exe /ERRORREPORT:PROMPT /OUT:"C:\Users\Ciaran\Documents\TCD Documents\SS\Graphics\Assignments&Labs\Lab4\Debug\Project.exe" /INCREMENTAL /NOLOGO /LIBPATH:"C:\Users\Ciaran\Documents\TCD Documents\SS\Graphics\Assignments&Labs\Lab3\glew-1.13.0\lib\Release\Win32" /LIBPATH:"C:\Users\Ciaran\Documents\TCD Documents\SS\Graphics\Assignments&Labs\Lab1\freeglut\lib" freeglut.lib glew32.lib kernel32.lib user32.lib gdi32.lib winspool.lib comdlg32.lib advapi32.lib shell32.lib ole32.lib oleaut32.lib uuid.lib odbc32.lib odbccp32.lib /MANIFEST /MANIFESTUAC:"level='asInvoker' uiAccess='false'" /manifest:embed /Debug /PDB:"C:\Users\Ciaran\Documents\TCD Documents\SS\Graphics\Assignments&Labs\Lab4\Debug\Project.pdb" /TLBID:1 /DYNAMICBASE /NXCOMPAT /IMPLIB:"C:\Users\Ciaran\Documents\TCD Documents\SS\Graphics\Assignments&Labs\Lab4\Debug\Project.lib" /MACHINE:X86 Debug\main.obj
         Debug\maths_funcs.obj
         Project.vcxproj -> C:\Users\Ciaran\Documents\TCD Documents\SS\Graphics\Assignments&Labs\Lab4\Debug\Project.exe
     1>Done Building Project "C:\Users\Ciaran\Documents\TCD Documents\SS\Graphics\Assignments&Labs\Lab4\Project\Project.vcxproj" (Build target(s)).

Build succeeded.

Time Elapsed 00:00:01.15
