Build started 20/10/2015 12:30:02.
     1>Project "C:\Users\Ciaran\Documents\TCD Documents\SS\Graphics\Assignments&Labs\Lab3\Project\Project.vcxproj" on node 2 (Build target(s)).
     1>C:\Program Files (x86)\MSBuild\Microsoft.Cpp\v4.0\V140\Microsoft.CppBuild.targets(392,5): warning MSB8028: The intermediate directory (Release\) contains files shared from another project (Lab2.vcxproj).  This can lead to incorrect clean and rebuild behavior.
     1>ClCompile:
         C:\Program Files (x86)\Microsoft Visual Studio 14.0\VC\bin\CL.exe /c /I"C:\Users\Ciaran\Documents\TCD Documents\SS\Graphics\Assignments&Labs\Lab3\glew-1.13.0\include" /I"C:\Users\Ciaran\Documents\TCD Documents\SS\Graphics\Assignments&Labs\Lab3\freeglut\include" /Zi /nologo /W3 /WX- /sdl /O2 /Oi /Oy- /GL /D _MBCS /Gm- /EHsc /MD /GS /Gy /fp:precise /Zc:wchar_t /Zc:forScope /Zc:inline /Fo"Release\\" /Fd"Release\vc140.pdb" /Gd /TP /analyze- /errorReport:prompt ..\main.cpp
         main.cpp
     1>c:\users\ciaran\documents\tcd documents\ss\graphics\assignments&labs\lab3\teapot.h(2980): warning C4838: conversion from 'double' to 'float' requires a narrowing conversion
     1>c:\users\ciaran\documents\tcd documents\ss\graphics\assignments&labs\lab3\teapot.h(2980): warning C4305: 'initializing': truncation from 'double' to 'float'
     1>c:\users\ciaran\documents\tcd documents\ss\graphics\assignments&labs\lab3\teapot.h(5959): warning C4838: conversion from 'double' to 'float' requires a narrowing conversion
     1>c:\users\ciaran\documents\tcd documents\ss\graphics\assignments&labs\lab3\teapot.h(5959): warning C4305: 'initializing': truncation from 'double' to 'float'
     1>c:\users\ciaran\documents\tcd documents\ss\graphics\assignments&labs\lab3\teapot.h(8938): warning C4838: conversion from 'double' to 'float' requires a narrowing conversion
     1>c:\users\ciaran\documents\tcd documents\ss\graphics\assignments&labs\lab3\teapot.h(8938): warning C4305: 'initializing': truncation from 'double' to 'float'
     1>..\main.cpp(28): warning C4244: 'initializing': conversion from 'double' to 'int', possible loss of data
     1>..\main.cpp(29): warning C4244: 'initializing': conversion from 'double' to 'int', possible loss of data
     1>..\main.cpp(143): warning C4244: 'argument': conversion from 'float' to 'GLsizeiptr', possible loss of data
     1>..\main.cpp(147): warning C4244: 'argument': conversion from 'float' to 'GLsizeiptr', possible loss of data
     1>..\main.cpp(200): warning C4244: 'argument': conversion from 'float' to 'GLsizei', possible loss of data
     1>..\main.cpp(207): warning C4305: 'argument': truncation from 'double' to 'float'
     1>..\main.cpp(214): warning C4244: 'argument': conversion from 'float' to 'GLsizei', possible loss of data
     1>..\main.cpp(219): warning C4305: 'argument': truncation from 'double' to 'float'
     1>..\main.cpp(227): warning C4244: 'argument': conversion from 'float' to 'GLsizei', possible loss of data
     1>..\main.cpp(251): warning C4305: 'argument': truncation from 'double' to 'float'
     1>..\main.cpp(258): warning C4244: 'argument': conversion from 'float' to 'GLsizei', possible loss of data
     1>..\main.cpp(269): warning C4244: '=': conversion from 'double' to 'float', possible loss of data
       Link:
         C:\Program Files (x86)\Microsoft Visual Studio 14.0\VC\bin\link.exe /ERRORREPORT:PROMPT /OUT:"C:\Users\Ciaran\Documents\TCD Documents\SS\Graphics\Assignments&Labs\Lab3\Release\Project.exe" /NOLOGO /LIBPATH:"C:\Users\Ciaran\Documents\TCD Documents\SS\Graphics\Assignments&Labs\Lab3\freeglut\lib" /LIBPATH:"C:\Users\Ciaran\Documents\TCD Documents\SS\Graphics\Assignments&Labs\Lab3\glew-1.13.0\lib\Release\Win32" freeglut.lib glew32.lib kernel32.lib user32.lib gdi32.lib winspool.lib comdlg32.lib advapi32.lib shell32.lib ole32.lib oleaut32.lib uuid.lib odbc32.lib odbccp32.lib /MANIFEST /MANIFESTUAC:"level='asInvoker' uiAccess='false'" /manifest:embed /Debug /PDB:"C:\Users\Ciaran\Documents\TCD Documents\SS\Graphics\Assignments&Labs\Lab3\Release\Project.pdb" /OPT:REF /OPT:ICF /LTCG:incremental /TLBID:1 /DYNAMICBASE /NXCOMPAT /IMPLIB:"C:\Users\Ciaran\Documents\TCD Documents\SS\Graphics\Assignments&Labs\Lab3\Release\Project.lib" /MACHINE:X86 /SAFESEH Release\main.obj
         Release\maths_funcs.obj
         Generating code
         1 of 200 functions ( 0.5%) were compiled, the rest were copied from previous compilation.
           0 functions were new in current compilation
           1 functions had inline decision re-evaluated but remain unchanged
         Finished generating code
         Project.vcxproj -> C:\Users\Ciaran\Documents\TCD Documents\SS\Graphics\Assignments&Labs\Lab3\Release\Project.exe
     1>Done Building Project "C:\Users\Ciaran\Documents\TCD Documents\SS\Graphics\Assignments&Labs\Lab3\Project\Project.vcxproj" (Build target(s)).

Build succeeded.

Time Elapsed 00:00:01.49
